# JRE version: Java(TM) SE Runtime Environment (14.0.1+7) (build 14.0.1+7)
# Java VM: Java HotSpot(TM) 64-Bit Server VM (14.0.1+7, mixed mode, sharing, tiered, compressed oops, g1 gc, windows-amd64)
Heap:
 garbage-first heap   total 70656K, used 33573K [0x00000000c2600000, 0x0000000100000000)
  region size 1024K, 3 young (3072K), 2 survivors (2048K)
 Metaspace       used 66359K, capacity 67778K, committed 67968K, reserved 1107968K
  class space    used 8749K, capacity 9274K, committed 9344K, reserved 1048576K
GC Heap History (20 events):
Event: 21.584 GC heap before
{Heap before GC invocations=19 (full 0):
 garbage-first heap   total 58368K, used 44853K [0x00000000c2600000, 0x0000000100000000)
  region size 1024K, 28 young (28672K), 4 survivors (4096K)
 Metaspace       used 44420K, capacity 45504K, committed 45568K, reserved 1089536K
  class space    used 5721K, capacity 6115K, committed 6144K, reserved 1048576K
}
Event: 21.593 GC heap after
{Heap after GC invocations=20 (full 0):
 garbage-first heap   total 58368K, used 22495K [0x00000000c2600000, 0x0000000100000000)
  region size 1024K, 3 young (3072K), 3 survivors (3072K)
 Metaspace       used 44420K, capacity 45504K, committed 45568K, reserved 1089536K
  class space    used 5721K, capacity 6115K, committed 6144K, reserved 1048576K
}
Event: 22.691 GC heap before
{Heap before GC invocations=20 (full 0):
 garbage-first heap   total 58368K, used 47071K [0x00000000c2600000, 0x0000000100000000)
  region size 1024K, 27 young (27648K), 3 survivors (3072K)
 Metaspace       used 48237K, capacity 49334K, committed 49536K, reserved 1091584K
  class space    used 6285K, capacity 6708K, committed 6784K, reserved 1048576K
}
Event: 22.698 GC heap after
{Heap after GC invocations=21 (full 0):
 garbage-first heap   total 58368K, used 23319K [0x00000000c2600000, 0x0000000100000000)
  region size 1024K, 2 young (2048K), 2 survivors (2048K)
 Metaspace       used 48237K, capacity 49334K, committed 49536K, reserved 1091584K
  class space    used 6285K, capacity 6708K, committed 6784K, reserved 1048576K
}
Event: 23.975 GC heap before
{Heap before GC invocations=21 (full 0):
 garbage-first heap   total 58368K, used 47895K [0x00000000c2600000, 0x0000000100000000)
  region size 1024K, 26 young (26624K), 2 survivors (2048K)
 Metaspace       used 51975K, capacity 53018K, committed 53120K, reserved 1095680K
  class space    used 6855K, capacity 7268K, committed 7296K, reserved 1048576K
}
Event: 23.981 GC heap after
{Heap after GC invocations=22 (full 0):
 garbage-first heap   total 58368K, used 23775K [0x00000000c2600000, 0x0000000100000000)
  region size 1024K, 3 young (3072K), 3 survivors (3072K)
 Metaspace       used 51975K, capacity 53018K, committed 53120K, reserved 1095680K
  class space    used 6855K, capacity 7268K, committed 7296K, reserved 1048576K
}
Event: 25.383 GC heap before
{Heap before GC invocations=22 (full 0):
 garbage-first heap   total 58368K, used 47327K [0x00000000c2600000, 0x0000000100000000)
  region size 1024K, 26 young (26624K), 3 survivors (3072K)
 Metaspace       used 55513K, capacity 56823K, committed 57088K, reserved 1097728K
  class space    used 7338K, capacity 7836K, committed 7936K, reserved 1048576K
}
Event: 25.397 GC heap after
{Heap after GC invocations=23 (full 0):
 garbage-first heap   total 58368K, used 25072K [0x00000000c2600000, 0x0000000100000000)
  region size 1024K, 3 young (3072K), 3 survivors (3072K)
 Metaspace       used 55513K, capacity 56823K, committed 57088K, reserved 1097728K
  class space    used 7338K, capacity 7836K, committed 7936K, reserved 1048576K
}
Event: 26.546 GC heap before
{Heap before GC invocations=23 (full 0):
 garbage-first heap   total 58368K, used 47600K [0x00000000c2600000, 0x0000000100000000)
  region size 1024K, 25 young (25600K), 3 survivors (3072K)
 Metaspace       used 56680K, capacity 57972K, committed 58240K, reserved 1099776K
  class space    used 7482K, capacity 7980K, committed 8064K, reserved 1048576K
}
Event: 26.557 GC heap after
{Heap after GC invocations=24 (full 0):
 garbage-first heap   total 58368K, used 26538K [0x00000000c2600000, 0x0000000100000000)
  region size 1024K, 4 young (4096K), 4 survivors (4096K)
 Metaspace       used 56680K, capacity 57972K, committed 58240K, reserved 1099776K
  class space    used 7482K, capacity 7980K, committed 8064K, reserved 1048576K
}
Event: 27.515 GC heap before
{Heap before GC invocations=24 (full 0):
 garbage-first heap   total 58368K, used 45994K [0x00000000c2600000, 0x0000000100000000)
  region size 1024K, 23 young (23552K), 4 survivors (4096K)
 Metaspace       used 58310K, capacity 59611K, committed 59776K, reserved 1101824K
  class space    used 7724K, capacity 8226K, committed 8320K, reserved 1048576K
}
Event: 27.534 GC heap after
{Heap after GC invocations=25 (full 0):
 garbage-first heap   total 58368K, used 27736K [0x00000000c2600000, 0x0000000100000000)
  region size 1024K, 3 young (3072K), 3 survivors (3072K)
 Metaspace       used 58310K, capacity 59611K, committed 59776K, reserved 1101824K
  class space    used 7724K, capacity 8226K, committed 8320K, reserved 1048576K
}
Event: 28.133 GC heap before
{Heap before GC invocations=25 (full 0):
 garbage-first heap   total 58368K, used 37976K [0x00000000c2600000, 0x0000000100000000)
  region size 1024K, 14 young (14336K), 3 survivors (3072K)
 Metaspace       used 58831K, capacity 60109K, committed 60160K, reserved 1101824K
  class space    used 7802K, capacity 8307K, committed 8320K, reserved 1048576K
}
Event: 28.146 GC heap after
{Heap after GC invocations=26 (full 0):
 garbage-first heap   total 58368K, used 28418K [0x00000000c2600000, 0x0000000100000000)
  region size 1024K, 2 young (2048K), 2 survivors (2048K)
 Metaspace       used 58831K, capacity 60109K, committed 60160K, reserved 1101824K
  class space    used 7802K, capacity 8307K, committed 8320K, reserved 1048576K
}
Event: 29.431 GC heap before
{Heap before GC invocations=27 (full 0):
 garbage-first heap   total 58368K, used 47874K [0x00000000c2600000, 0x0000000100000000)
  region size 1024K, 21 young (21504K), 2 survivors (2048K)
 Metaspace       used 60131K, capacity 61479K, committed 61696K, reserved 1101824K
  class space    used 7988K, capacity 8502K, committed 8576K, reserved 1048576K
}
Event: 29.441 GC heap after
{Heap after GC invocations=28 (full 0):
 garbage-first heap   total 70656K, used 29827K [0x00000000c2600000, 0x0000000100000000)
  region size 1024K, 3 young (3072K), 3 survivors (3072K)
 Metaspace       used 60131K, capacity 61479K, committed 61696K, reserved 1101824K
  class space    used 7988K, capacity 8502K, committed 8576K, reserved 1048576K
}
Event: 44.187 GC heap before
{Heap before GC invocations=28 (full 0):
 garbage-first heap   total 70656K, used 56451K [0x00000000c2600000, 0x0000000100000000)
  region size 1024K, 29 young (29696K), 3 survivors (3072K)
 Metaspace       used 63209K, capacity 64615K, committed 64768K, reserved 1105920K
  class space    used 8396K, capacity 8924K, committed 8960K, reserved 1048576K
}
Event: 44.196 GC heap after
{Heap after GC invocations=29 (full 0):
 garbage-first heap   total 70656K, used 32223K [0x00000000c2600000, 0x0000000100000000)
  region size 1024K, 4 young (4096K), 4 survivors (4096K)
 Metaspace       used 63209K, capacity 64615K, committed 64768K, reserved 1105920K
  class space    used 8396K, capacity 8924K, committed 8960K, reserved 1048576K
}
Event: 193.154 GC heap before
{Heap before GC invocations=29 (full 0):
 garbage-first heap   total 70656K, used 56799K [0x00000000c2600000, 0x0000000100000000)
  region size 1024K, 28 young (28672K), 4 survivors (4096K)
 Metaspace       used 66344K, capacity 67772K, committed 67968K, reserved 1107968K
  class space    used 8747K, capacity 9272K, committed 9344K, reserved 1048576K
}
Event: 193.230 GC heap after
{Heap after GC invocations=30 (full 0):
 garbage-first heap   total 70656K, used 33573K [0x00000000c2600000, 0x0000000100000000)
  region size 1024K, 2 young (2048K), 2 survivors (2048K)
 Metaspace       used 66344K, capacity 67772K, committed 67968K, reserved 1107968K
  class space    used 8747K, capacity 9272K, committed 9344K, reserved 1048576K
}

