# JRE version: Java(TM) SE Runtime Environment (14.0.1+7) (build 14.0.1+7)
# Java VM: Java HotSpot(TM) 64-Bit Server VM (14.0.1+7, mixed mode, sharing, tiered, compressed oops, g1 gc, windows-amd64)
Heap:
 garbage-first heap   total 56320K, used 29831K [0x00000000c2600000, 0x0000000100000000)
  region size 1024K, 4 young (4096K), 2 survivors (2048K)
 Metaspace       used 65643K, capacity 67169K, committed 67456K, reserved 1107968K
  class space    used 8677K, capacity 9217K, committed 9344K, reserved 1048576K
GC Heap History (20 events):
Event: 27.975 GC heap before
{Heap before GC invocations=35 (full 0):
 garbage-first heap   total 53248K, used 40430K [0x00000000c2600000, 0x0000000100000000)
  region size 1024K, 15 young (15360K), 2 survivors (2048K)
 Metaspace       used 58100K, capacity 59420K, committed 59520K, reserved 1099776K
  class space    used 7719K, capacity 8226K, committed 8320K, reserved 1048576K
}
Event: 27.982 GC heap after
{Heap after GC invocations=36 (full 0):
 garbage-first heap   total 53248K, used 28160K [0x00000000c2600000, 0x0000000100000000)
  region size 1024K, 2 young (2048K), 2 survivors (2048K)
 Metaspace       used 58100K, capacity 59420K, committed 59520K, reserved 1099776K
  class space    used 7719K, capacity 8226K, committed 8320K, reserved 1048576K
}
Event: 28.442 GC heap before
{Heap before GC invocations=36 (full 0):
 garbage-first heap   total 53248K, used 42496K [0x00000000c2600000, 0x0000000100000000)
  region size 1024K, 16 young (16384K), 2 survivors (2048K)
 Metaspace       used 58996K, capacity 60277K, committed 60416K, reserved 1101824K
  class space    used 7849K, capacity 8341K, committed 8448K, reserved 1048576K
}
Event: 28.450 GC heap after
{Heap after GC invocations=37 (full 0):
 garbage-first heap   total 53248K, used 29045K [0x00000000c2600000, 0x0000000100000000)
  region size 1024K, 2 young (2048K), 2 survivors (2048K)
 Metaspace       used 58996K, capacity 60277K, committed 60416K, reserved 1101824K
  class space    used 7849K, capacity 8341K, committed 8448K, reserved 1048576K
}
Event: 29.098 GC heap before
{Heap before GC invocations=38 (full 0):
 garbage-first heap   total 56320K, used 42357K [0x00000000c2600000, 0x0000000100000000)
  region size 1024K, 15 young (15360K), 2 survivors (2048K)
 Metaspace       used 59925K, capacity 61248K, committed 61568K, reserved 1101824K
  class space    used 7963K, capacity 8467K, committed 8576K, reserved 1048576K
}
Event: 29.106 GC heap after
{Heap after GC invocations=39 (full 0):
 garbage-first heap   total 56320K, used 29886K [0x00000000c2600000, 0x0000000100000000)
  region size 1024K, 2 young (2048K), 2 survivors (2048K)
 Metaspace       used 59925K, capacity 61248K, committed 61568K, reserved 1101824K
  class space    used 7963K, capacity 8467K, committed 8576K, reserved 1048576K
}
Event: 29.797 GC heap before
{Heap before GC invocations=39 (full 0):
 garbage-first heap   total 56320K, used 45246K [0x00000000c2600000, 0x0000000100000000)
  region size 1024K, 17 young (17408K), 2 survivors (2048K)
 Metaspace       used 60941K, capacity 62334K, committed 62464K, reserved 1103872K
  class space    used 8089K, capacity 8591K, committed 8704K, reserved 1048576K
}
Event: 29.806 GC heap after
{Heap after GC invocations=40 (full 0):
 garbage-first heap   total 56320K, used 30972K [0x00000000c2600000, 0x0000000100000000)
  region size 1024K, 2 young (2048K), 2 survivors (2048K)
 Metaspace       used 60941K, capacity 62334K, committed 62464K, reserved 1103872K
  class space    used 8089K, capacity 8591K, committed 8704K, reserved 1048576K
}
Event: 79.582 GC heap before
{Heap before GC invocations=41 (full 0):
 garbage-first heap   total 56320K, used 45308K [0x00000000c2600000, 0x0000000100000000)
  region size 1024K, 16 young (16384K), 2 survivors (2048K)
 Metaspace       used 63131K, capacity 64552K, committed 64768K, reserved 1105920K
  class space    used 8385K, capacity 8924K, committed 8960K, reserved 1048576K
}
Event: 79.590 GC heap after
{Heap after GC invocations=42 (full 0):
 garbage-first heap   total 56320K, used 31859K [0x00000000c2600000, 0x0000000100000000)
  region size 1024K, 2 young (2048K), 2 survivors (2048K)
 Metaspace       used 63131K, capacity 64552K, committed 64768K, reserved 1105920K
  class space    used 8385K, capacity 8924K, committed 8960K, reserved 1048576K
}
Event: 79.608 GC heap before
{Heap before GC invocations=42 (full 0):
 garbage-first heap   total 56320K, used 31859K [0x00000000c2600000, 0x0000000100000000)
  region size 1024K, 3 young (3072K), 2 survivors (2048K)
 Metaspace       used 63187K, capacity 64616K, committed 64768K, reserved 1105920K
  class space    used 8394K, capacity 8924K, committed 8960K, reserved 1048576K
}
Event: 79.623 GC heap after
{Heap after GC invocations=43 (full 0):
 garbage-first heap   total 56320K, used 30974K [0x00000000c2600000, 0x0000000100000000)
  region size 1024K, 1 young (1024K), 1 survivors (1024K)
 Metaspace       used 63187K, capacity 64616K, committed 64768K, reserved 1105920K
  class space    used 8394K, capacity 8924K, committed 8960K, reserved 1048576K
}
Event: 120.582 GC heap before
{Heap before GC invocations=43 (full 0):
 garbage-first heap   total 56320K, used 44286K [0x00000000c2600000, 0x0000000100000000)
  region size 1024K, 15 young (15360K), 1 survivors (1024K)
 Metaspace       used 65371K, capacity 66832K, committed 67072K, reserved 1107968K
  class space    used 8651K, capacity 9193K, committed 9216K, reserved 1048576K
}
Event: 120.614 GC heap after
{Heap after GC invocations=44 (full 0):
 garbage-first heap   total 56320K, used 31954K [0x00000000c2600000, 0x0000000100000000)
  region size 1024K, 2 young (2048K), 2 survivors (2048K)
 Metaspace       used 65371K, capacity 66832K, committed 67072K, reserved 1107968K
  class space    used 8651K, capacity 9193K, committed 9216K, reserved 1048576K
}
Event: 159.350 GC heap before
{Heap before GC invocations=45 (full 0):
 garbage-first heap   total 56320K, used 35026K [0x00000000c2600000, 0x0000000100000000)
  region size 1024K, 6 young (6144K), 2 survivors (2048K)
 Metaspace       used 65520K, capacity 66944K, committed 67072K, reserved 1107968K
  class space    used 8669K, capacity 9210K, committed 9216K, reserved 1048576K
}
Event: 159.828 GC heap after
{Heap after GC invocations=46 (full 1):
 garbage-first heap   total 56320K, used 26898K [0x00000000c2600000, 0x0000000100000000)
  region size 1024K, 0 young (0K), 0 survivors (0K)
 Metaspace       used 65520K, capacity 66944K, committed 67072K, reserved 1107968K
  class space    used 8669K, capacity 9210K, committed 9216K, reserved 1048576K
}
Event: 161.131 GC heap before
{Heap before GC invocations=46 (full 1):
 garbage-first heap   total 56320K, used 43282K [0x00000000c2600000, 0x0000000100000000)
  region size 1024K, 17 young (17408K), 0 survivors (0K)
 Metaspace       used 65587K, capacity 67021K, committed 67072K, reserved 1107968K
  class space    used 8672K, capacity 9212K, committed 9216K, reserved 1048576K
}
Event: 161.138 GC heap after
{Heap after GC invocations=47 (full 1):
 garbage-first heap   total 56320K, used 28001K [0x00000000c2600000, 0x0000000100000000)
  region size 1024K, 2 young (2048K), 2 survivors (2048K)
 Metaspace       used 65587K, capacity 67021K, committed 67072K, reserved 1107968K
  class space    used 8672K, capacity 9212K, committed 9216K, reserved 1048576K
}
Event: 163.099 GC heap before
{Heap before GC invocations=48 (full 1):
 garbage-first heap   total 56320K, used 43361K [0x00000000c2600000, 0x0000000100000000)
  region size 1024K, 17 young (17408K), 2 survivors (2048K)
 Metaspace       used 65643K, capacity 67169K, committed 67456K, reserved 1107968K
  class space    used 8677K, capacity 9217K, committed 9344K, reserved 1048576K
}
Event: 163.107 GC heap after
{Heap after GC invocations=49 (full 1):
 garbage-first heap   total 56320K, used 28807K [0x00000000c2600000, 0x0000000100000000)
  region size 1024K, 2 young (2048K), 2 survivors (2048K)
 Metaspace       used 65643K, capacity 67169K, committed 67456K, reserved 1107968K
  class space    used 8677K, capacity 9217K, committed 9344K, reserved 1048576K
}

